{
  "RSpec": {
    "coverage": {
      "/home/egemen/repos/odinbar/app/models/user.rb": {
        "lines": [
          1,
          null,
          1,
          1,
          18,
          14,
          null,
          null,
          27,
          null,
          null,
          27,
          null,
          null,
          1,
          null,
          null,
          1,
          null,
          null,
          1,
          null,
          null,
          1,
          null,
          1,
          29,
          null,
          null,
          1,
          64,
          null,
          null,
          null,
          1,
          1,
          null,
          null,
          1,
          null,
          null
        ]
      },
      "/home/egemen/repos/odinbar/app/models/application_record.rb": {
        "lines": [
          1,
          1,
          null
        ]
      },
      "/home/egemen/repos/odinbar/app/helpers/application_helper.rb": {
        "lines": [
          1,
          null
        ]
      },
      "/home/egemen/repos/odinbar/app/helpers/friendships_helper.rb": {
        "lines": [
          1,
          null
        ]
      },
      "/home/egemen/repos/odinbar/app/helpers/posts_helper.rb": {
        "lines": [
          1,
          null
        ]
      },
      "/home/egemen/repos/odinbar/app/helpers/users_helper.rb": {
        "lines": [
          1,
          null
        ]
      },
      "/home/egemen/repos/odinbar/app/models/friendship.rb": {
        "lines": [
          1,
          null,
          1,
          1,
          null,
          null,
          1,
          1,
          1,
          1,
          1,
          null,
          1,
          14,
          null,
          11,
          null,
          2,
          null,
          null,
          null,
          1,
          14,
          4,
          null,
          null,
          null
        ]
      },
      "/home/egemen/repos/odinbar/app/models/post.rb": {
        "lines": [
          1,
          1,
          1,
          1,
          null
        ]
      },
      "/home/egemen/repos/odinbar/app/controllers/users_controller.rb": {
        "lines": [
          1,
          1,
          null,
          null,
          1,
          12,
          null,
          null,
          1,
          28,
          null,
          null,
          1,
          4,
          4,
          2,
          null,
          2,
          2,
          null,
          null,
          null,
          1,
          4,
          4,
          2,
          null,
          2,
          2,
          null,
          null,
          null,
          1,
          6,
          6,
          4,
          null,
          2,
          2,
          null,
          null,
          null
        ]
      },
      "/home/egemen/repos/odinbar/app/controllers/application_controller.rb": {
        "lines": [
          1,
          1,
          null,
          1,
          null,
          1,
          16,
          16,
          null,
          null
        ]
      },
      "/home/egemen/repos/odinbar/app/controllers/friendships_controller.rb": {
        "lines": [
          1,
          1,
          null,
          1,
          4,
          4,
          4,
          null,
          0,
          null,
          4,
          null,
          null,
          1,
          2,
          2,
          2,
          null,
          0,
          null,
          2,
          null,
          null,
          1,
          2,
          2,
          2,
          2,
          null,
          0,
          null,
          2,
          null,
          null,
          1,
          1,
          4,
          null,
          null
        ]
      },
      "/home/egemen/repos/odinbar/app/controllers/posts_controller.rb": {
        "lines": [
          1,
          1,
          null,
          1,
          4,
          null,
          null,
          1,
          3,
          3,
          0,
          0,
          null,
          null,
          3,
          3,
          null,
          3,
          null,
          null,
          1,
          2,
          null,
          null,
          1,
          2,
          2,
          1,
          1,
          null,
          1,
          null,
          null,
          null,
          1,
          1,
          1,
          1,
          null,
          1,
          null,
          null,
          1,
          2,
          null,
          null,
          1,
          2,
          null,
          2,
          2,
          1,
          1,
          null,
          1,
          null,
          null,
          null,
          null,
          1,
          1,
          4,
          null,
          null,
          null
        ]
      },
      "/home/egemen/repos/odinbar/app/channels/application_cable/channel.rb": {
        "lines": [
          null,
          null,
          null,
          null
        ],
        "branches": {
        }
      },
      "/home/egemen/repos/odinbar/app/channels/application_cable/connection.rb": {
        "lines": [
          null,
          null,
          null,
          null
        ],
        "branches": {
        }
      },
      "/home/egemen/repos/odinbar/app/mailers/application_mailer.rb": {
        "lines": [
          null,
          null,
          null,
          null
        ],
        "branches": {
        }
      }
    },
    "timestamp": 1658224178
  }
}
